  Bomb.cpp
  Camera.cpp
D:\Github\BombDrop\StaffZooki\Camera.cpp(24,17): warning C4244: '=': conversion from 'double' to 'float', possible loss of data
D:\Github\BombDrop\StaffZooki\Camera.cpp(25,20): warning C4244: '=': conversion from 'double' to 'float', possible loss of data
D:\Github\BombDrop\StaffZooki\Camera.cpp(26,45): warning C4244: '=': conversion from 'double' to 'float', possible loss of data
D:\Github\BombDrop\StaffZooki\Camera.cpp(92,23): warning C4244: '=': conversion from 'double' to 'float', possible loss of data
D:\Github\BombDrop\StaffZooki\Camera.cpp(116,20): warning C4305: '=': truncation from 'double' to 'float'
D:\Github\BombDrop\StaffZooki\Camera.cpp(117,17): warning C4305: '=': truncation from 'double' to 'float'
D:\Github\BombDrop\StaffZooki\Camera.cpp(118,16): warning C4305: '=': truncation from 'double' to 'float'
D:\Github\BombDrop\StaffZooki\Camera.cpp(172,17): warning C4244: 'initializing': conversion from 'double' to 'float', possible loss of data
D:\Github\BombDrop\StaffZooki\Camera.cpp(173,17): warning C4244: 'initializing': conversion from 'double' to 'float', possible loss of data
D:\Github\BombDrop\StaffZooki\Camera.cpp(186,18): warning C4244: '=': conversion from 'double' to 'float', possible loss of data
D:\Github\BombDrop\StaffZooki\Camera.cpp(187,21): warning C4244: '=': conversion from 'double' to 'float', possible loss of data
D:\Github\BombDrop\StaffZooki\Camera.cpp(188,46): warning C4244: '=': conversion from 'double' to 'float', possible loss of data
  ChargeBar.cpp
D:\Github\BombDrop\StaffZooki\ChargeBar.cpp(13,19): warning C4305: '=': truncation from 'double' to 'float'
D:\Github\BombDrop\StaffZooki\ChargeBar.cpp(14,18): warning C4305: '=': truncation from 'double' to 'float'
D:\Github\BombDrop\StaffZooki\ChargeBar.cpp(35,48): warning C4305: 'argument': truncation from 'double' to 'GLfloat'
D:\Github\BombDrop\StaffZooki\ChargeBar.cpp(37,20): warning C4305: 'argument': truncation from 'double' to 'GLfloat'
  MathFuncs.cpp
  MeshManager.cpp
D:\Github\BombDrop\StaffZooki\MeshManager.cpp(25,20): warning C4018: '<': signed/unsigned mismatch
D:\Github\BombDrop\StaffZooki\MeshManager.cpp(40,20): warning C4018: '<': signed/unsigned mismatch
D:\Github\BombDrop\StaffZooki\MeshManager.cpp(68,20): warning C4018: '<': signed/unsigned mismatch
D:\Github\BombDrop\StaffZooki\MeshManager.cpp(82,20): warning C4018: '<': signed/unsigned mismatch
D:\Github\BombDrop\StaffZooki\MeshManager.cpp(97,20): warning C4018: '<': signed/unsigned mismatch
D:\Github\BombDrop\StaffZooki\MeshManager.cpp(101,20): warning C4018: '<': signed/unsigned mismatch
  PickupObject.cpp
D:\Github\BombDrop\StaffZooki\PickupObject.cpp(67,51): warning C4244: '+=': conversion from 'double' to 'float', possible loss of data
D:\Github\BombDrop\StaffZooki\PickupObject.cpp(71,47): warning C4244: '=': conversion from 'double' to 'float', possible loss of data
D:\Github\BombDrop\StaffZooki\PickupObject.cpp(77,30): warning C4244: '=': conversion from 'int' to 'float', possible loss of data
D:\Github\BombDrop\StaffZooki\PickupObject.cpp(78,30): warning C4244: '=': conversion from 'int' to 'float', possible loss of data
  Collisions.cpp
  Creature.cpp
D:\Github\BombDrop\StaffZooki\Creature.cpp(10,18): warning C4305: '=': truncation from 'double' to 'float'
D:\Github\BombDrop\StaffZooki\Creature.cpp(29,43): warning C4305: 'argument': truncation from 'double' to 'float'
D:\Github\BombDrop\StaffZooki\Creature.cpp(31,44): warning C4305: 'argument': truncation from 'double' to 'float'
D:\Github\BombDrop\StaffZooki\Creature.cpp(213,19): warning C4244: '=': conversion from 'double' to 'float', possible loss of data
D:\Github\BombDrop\StaffZooki\Creature.cpp(214,22): warning C4244: '=': conversion from 'double' to 'float', possible loss of data
D:\Github\BombDrop\StaffZooki\Creature.cpp(215,56): warning C4244: '=': conversion from 'double' to 'float', possible loss of data
D:\Github\BombDrop\StaffZooki\Creature.cpp(242,26): warning C4244: '=': conversion from 'double' to 'float', possible loss of data
D:\Github\BombDrop\StaffZooki\Creature.cpp(298,28): warning C4305: '=': truncation from 'double' to 'float'
D:\Github\BombDrop\StaffZooki\Creature.cpp(298,56): warning C4305: '=': truncation from 'double' to 'float'
D:\Github\BombDrop\StaffZooki\Creature.cpp(298,84): warning C4305: '=': truncation from 'double' to 'float'
D:\Github\BombDrop\StaffZooki\Creature.cpp(300,28): warning C4305: '=': truncation from 'double' to 'float'
D:\Github\BombDrop\StaffZooki\Creature.cpp(300,56): warning C4305: '=': truncation from 'double' to 'float'
D:\Github\BombDrop\StaffZooki\Creature.cpp(300,84): warning C4305: '=': truncation from 'double' to 'float'
  GLUTCallbacks.cpp
D:\Github\BombDrop\StaffZooki\HelloGL.h(6,10): warning C4067: unexpected tokens following preprocessor directive - expected a newline
  HelloGL.cpp
D:\Github\BombDrop\StaffZooki\HelloGL.h(6,10): warning C4067: unexpected tokens following preprocessor directive - expected a newline
D:\Github\BombDrop\StaffZooki\HelloGL.cpp(10,12): warning C4244: 'argument': conversion from 'time_t' to 'unsigned int', possible loss of data
D:\Github\BombDrop\StaffZooki\HelloGL.cpp(20,17): warning C4244: '=': conversion from 'int' to 'float', possible loss of data
D:\Github\BombDrop\StaffZooki\HelloGL.cpp(95,58): warning C4305: 'argument': truncation from 'double' to 'float'
D:\Github\BombDrop\StaffZooki\HelloGL.cpp(96,59): warning C4305: 'argument': truncation from 'double' to 'float'
D:\Github\BombDrop\StaffZooki\HelloGL.cpp(103,36): warning C4305: 'initializing': truncation from 'double' to 'float'
D:\Github\BombDrop\StaffZooki\HelloGL.cpp(104,35): warning C4305: 'initializing': truncation from 'double' to 'float'
D:\Github\BombDrop\StaffZooki\HelloGL.cpp(167,29): warning C4305: '=': truncation from 'double' to 'float'
D:\Github\BombDrop\StaffZooki\HelloGL.cpp(168,29): warning C4305: '=': truncation from 'double' to 'float'
D:\Github\BombDrop\StaffZooki\HelloGL.cpp(169,29): warning C4305: '=': truncation from 'double' to 'float'
D:\Github\BombDrop\StaffZooki\HelloGL.cpp(171,29): warning C4305: '=': truncation from 'double' to 'float'
D:\Github\BombDrop\StaffZooki\HelloGL.cpp(172,29): warning C4305: '=': truncation from 'double' to 'float'
D:\Github\BombDrop\StaffZooki\HelloGL.cpp(173,29): warning C4305: '=': truncation from 'double' to 'float'
D:\Github\BombDrop\StaffZooki\HelloGL.cpp(268,20): warning C4018: '<': signed/unsigned mismatch
D:\Github\BombDrop\StaffZooki\HelloGL.cpp(275,20): warning C4018: '<': signed/unsigned mismatch
D:\Github\BombDrop\StaffZooki\HelloGL.cpp(316,26): warning C4305: 'argument': truncation from 'double' to 'GLfloat'
D:\Github\BombDrop\StaffZooki\HelloGL.cpp(323,24): warning C4305: 'argument': truncation from 'double' to 'GLfloat'
D:\Github\BombDrop\StaffZooki\HelloGL.cpp(326,26): warning C4305: 'argument': truncation from 'double' to 'GLfloat'
D:\Github\BombDrop\StaffZooki\HelloGL.cpp(348,10): warning C4244: '=': conversion from 'int' to 'float', possible loss of data
D:\Github\BombDrop\StaffZooki\HelloGL.cpp(361,33): warning C4838: conversion from 'int' to 'float' requires a narrowing conversion
D:\Github\BombDrop\StaffZooki\HelloGL.cpp(361,33): warning C4244: 'initializing': conversion from 'int' to 'float', possible loss of data
D:\Github\BombDrop\StaffZooki\HelloGL.cpp(361,56): warning C4838: conversion from 'int' to 'float' requires a narrowing conversion
D:\Github\BombDrop\StaffZooki\HelloGL.cpp(361,56): warning C4244: 'initializing': conversion from 'int' to 'float', possible loss of data
D:\Github\BombDrop\StaffZooki\HelloGL.cpp(426,21): warning C4018: '<': signed/unsigned mismatch
D:\Github\BombDrop\StaffZooki\HelloGL.cpp(440,37): warning C4305: 'argument': truncation from 'double' to 'float'
D:\Github\BombDrop\StaffZooki\HelloGL.cpp(448,20): warning C4018: '<': signed/unsigned mismatch
  HUDImage.cpp
D:\Github\BombDrop\StaffZooki\HUDImage.cpp(18,33): warning C4244: '=': conversion from 'int' to 'float', possible loss of data
D:\Github\BombDrop\StaffZooki\HUDImage.cpp(19,31): warning C4244: '=': conversion from 'int' to 'float', possible loss of data
  main.cpp
D:\Github\BombDrop\StaffZooki\HelloGL.h(6,10): warning C4067: unexpected tokens following preprocessor directive - expected a newline
  MeshLoader.cpp
  PlayerDiamond.cpp
D:\Github\BombDrop\StaffZooki\PlayerDiamond.cpp(61,26): warning C4305: 'argument': truncation from 'double' to 'GLfloat'
D:\Github\BombDrop\StaffZooki\PlayerDiamond.cpp(77,47): warning C4244: '=': conversion from 'double' to 'float', possible loss of data
  PlayerDiamond2.cpp
  PlayerDiamondBars.cpp
  SceneObject.cpp
  Skybox.cpp
  Texture2D.cpp
  Generating Code...
  StaffZooki.vcxproj -> D:\Github\BombDrop\Debug\StaffZooki.exe
